running egg_info
creating ../../build/planner/planner.egg-info
writing ../../build/planner/planner.egg-info/PKG-INFO
writing dependency_links to ../../build/planner/planner.egg-info/dependency_links.txt
writing entry points to ../../build/planner/planner.egg-info/entry_points.txt
writing requirements to ../../build/planner/planner.egg-info/requires.txt
writing top-level names to ../../build/planner/planner.egg-info/top_level.txt
writing manifest file '../../build/planner/planner.egg-info/SOURCES.txt'
reading manifest file '../../build/planner/planner.egg-info/SOURCES.txt'
writing manifest file '../../build/planner/planner.egg-info/SOURCES.txt'
running build
running build_py
creating /home/jerome/planner/build/planner/build
creating /home/jerome/planner/build/planner/build/lib
creating /home/jerome/planner/build/planner/build/lib/planner
copying planner/planner.py -> /home/jerome/planner/build/planner/build/lib/planner
copying planner/__init__.py -> /home/jerome/planner/build/planner/build/lib/planner
running install
running install_lib
creating /home/jerome/planner/install/planner/lib/python3.10/site-packages/planner
copying /home/jerome/planner/build/planner/build/lib/planner/planner.py -> /home/jerome/planner/install/planner/lib/python3.10/site-packages/planner
copying /home/jerome/planner/build/planner/build/lib/planner/__init__.py -> /home/jerome/planner/install/planner/lib/python3.10/site-packages/planner
byte-compiling /home/jerome/planner/install/planner/lib/python3.10/site-packages/planner/planner.py to planner.cpython-310.pyc
byte-compiling /home/jerome/planner/install/planner/lib/python3.10/site-packages/planner/__init__.py to __init__.cpython-310.pyc
running install_data
creating /home/jerome/planner/install/planner/share/ament_index
creating /home/jerome/planner/install/planner/share/ament_index/resource_index
creating /home/jerome/planner/install/planner/share/ament_index/resource_index/packages
copying resource/planner -> /home/jerome/planner/install/planner/share/ament_index/resource_index/packages
copying package.xml -> /home/jerome/planner/install/planner/share/planner
running install_egg_info
Copying ../../build/planner/planner.egg-info to /home/jerome/planner/install/planner/lib/python3.10/site-packages/planner-0.0.0-py3.10.egg-info
running install_scripts
Installing planner_node script to /home/jerome/planner/install/planner/lib/planner
writing list of installed files to '/home/jerome/planner/build/planner/install.log'
