[0.489s] Invoking command in '/home/jerome/planner/src/planner': PYTHONPATH=/home/jerome/planner/build/planner/prefix_override:/usr/lib/python3/dist-packages/colcon_core/task/python/colcon_distutils_commands:/home/jerome/planner/install/planner/lib/python3.10/site-packages:${PYTHONPATH} /usr/bin/python3 -W ignore:setup.py install is deprecated -W ignore:easy_install command is deprecated setup.py egg_info --egg-base ../../build/planner build --build-base /home/jerome/planner/build/planner/build install --record /home/jerome/planner/build/planner/install.log --single-version-externally-managed install_data
[0.664s] running egg_info
[0.664s] creating ../../build/planner/planner.egg-info
[0.664s] writing ../../build/planner/planner.egg-info/PKG-INFO
[0.664s] writing dependency_links to ../../build/planner/planner.egg-info/dependency_links.txt
[0.664s] writing entry points to ../../build/planner/planner.egg-info/entry_points.txt
[0.664s] writing requirements to ../../build/planner/planner.egg-info/requires.txt
[0.664s] writing top-level names to ../../build/planner/planner.egg-info/top_level.txt
[0.664s] writing manifest file '../../build/planner/planner.egg-info/SOURCES.txt'
[0.666s] reading manifest file '../../build/planner/planner.egg-info/SOURCES.txt'
[0.666s] writing manifest file '../../build/planner/planner.egg-info/SOURCES.txt'
[0.666s] running build
[0.666s] running build_py
[0.666s] creating /home/jerome/planner/build/planner/build
[0.666s] creating /home/jerome/planner/build/planner/build/lib
[0.666s] creating /home/jerome/planner/build/planner/build/lib/planner
[0.666s] copying planner/planner.py -> /home/jerome/planner/build/planner/build/lib/planner
[0.666s] copying planner/__init__.py -> /home/jerome/planner/build/planner/build/lib/planner
[0.666s] running install
[0.666s] running install_lib
[0.667s] creating /home/jerome/planner/install/planner/lib/python3.10/site-packages/planner
[0.667s] copying /home/jerome/planner/build/planner/build/lib/planner/planner.py -> /home/jerome/planner/install/planner/lib/python3.10/site-packages/planner
[0.667s] copying /home/jerome/planner/build/planner/build/lib/planner/__init__.py -> /home/jerome/planner/install/planner/lib/python3.10/site-packages/planner
[0.667s] byte-compiling /home/jerome/planner/install/planner/lib/python3.10/site-packages/planner/planner.py to planner.cpython-310.pyc
[0.668s] byte-compiling /home/jerome/planner/install/planner/lib/python3.10/site-packages/planner/__init__.py to __init__.cpython-310.pyc
[0.668s] running install_data
[0.668s] creating /home/jerome/planner/install/planner/share/ament_index
[0.668s] creating /home/jerome/planner/install/planner/share/ament_index/resource_index
[0.669s] creating /home/jerome/planner/install/planner/share/ament_index/resource_index/packages
[0.670s] copying resource/planner -> /home/jerome/planner/install/planner/share/ament_index/resource_index/packages
[0.670s] copying package.xml -> /home/jerome/planner/install/planner/share/planner
[0.670s] running install_egg_info
[0.671s] Copying ../../build/planner/planner.egg-info to /home/jerome/planner/install/planner/lib/python3.10/site-packages/planner-0.0.0-py3.10.egg-info
[0.672s] running install_scripts
[0.685s] Installing planner_node script to /home/jerome/planner/install/planner/lib/planner
[0.686s] writing list of installed files to '/home/jerome/planner/build/planner/install.log'
[0.699s] Invoked command in '/home/jerome/planner/src/planner' returned '0': PYTHONPATH=/home/jerome/planner/build/planner/prefix_override:/usr/lib/python3/dist-packages/colcon_core/task/python/colcon_distutils_commands:/home/jerome/planner/install/planner/lib/python3.10/site-packages:${PYTHONPATH} /usr/bin/python3 -W ignore:setup.py install is deprecated -W ignore:easy_install command is deprecated setup.py egg_info --egg-base ../../build/planner build --build-base /home/jerome/planner/build/planner/build install --record /home/jerome/planner/build/planner/install.log --single-version-externally-managed install_data
