[0.452s] Invoking command in '/home/jerome/planner/src/planner': PYTHONPATH=/home/jerome/planner/build/planner/prefix_override:/usr/lib/python3/dist-packages/colcon_core/task/python/colcon_distutils_commands:/home/jerome/planner/install/planner/lib/python3.10/site-packages:${PYTHONPATH} /usr/bin/python3 -W ignore:setup.py install is deprecated -W ignore:easy_install command is deprecated setup.py egg_info --egg-base ../../build/planner build --build-base /home/jerome/planner/build/planner/build install --record /home/jerome/planner/build/planner/install.log --single-version-externally-managed install_data
[0.633s] running egg_info
[0.633s] writing ../../build/planner/planner.egg-info/PKG-INFO
[0.633s] writing dependency_links to ../../build/planner/planner.egg-info/dependency_links.txt
[0.633s] writing entry points to ../../build/planner/planner.egg-info/entry_points.txt
[0.633s] writing requirements to ../../build/planner/planner.egg-info/requires.txt
[0.633s] writing top-level names to ../../build/planner/planner.egg-info/top_level.txt
[0.635s] reading manifest file '../../build/planner/planner.egg-info/SOURCES.txt'
[0.635s] writing manifest file '../../build/planner/planner.egg-info/SOURCES.txt'
[0.635s] running build
[0.635s] running build_py
[0.635s] copying planner/planner.py -> /home/jerome/planner/build/planner/build/lib/planner
[0.635s] running install
[0.635s] running install_lib
[0.636s] copying /home/jerome/planner/build/planner/build/lib/planner/planner.py -> /home/jerome/planner/install/planner/lib/python3.10/site-packages/planner
[0.636s] byte-compiling /home/jerome/planner/install/planner/lib/python3.10/site-packages/planner/planner.py to planner.cpython-310.pyc
[0.637s] running install_data
[0.637s] running install_egg_info
[0.639s] removing '/home/jerome/planner/install/planner/lib/python3.10/site-packages/planner-0.0.0-py3.10.egg-info' (and everything under it)
[0.639s] Copying ../../build/planner/planner.egg-info to /home/jerome/planner/install/planner/lib/python3.10/site-packages/planner-0.0.0-py3.10.egg-info
[0.639s] running install_scripts
[0.653s] Installing planner_node script to /home/jerome/planner/install/planner/lib/planner
[0.653s] writing list of installed files to '/home/jerome/planner/build/planner/install.log'
[0.667s] Invoked command in '/home/jerome/planner/src/planner' returned '0': PYTHONPATH=/home/jerome/planner/build/planner/prefix_override:/usr/lib/python3/dist-packages/colcon_core/task/python/colcon_distutils_commands:/home/jerome/planner/install/planner/lib/python3.10/site-packages:${PYTHONPATH} /usr/bin/python3 -W ignore:setup.py install is deprecated -W ignore:easy_install command is deprecated setup.py egg_info --egg-base ../../build/planner build --build-base /home/jerome/planner/build/planner/build install --record /home/jerome/planner/build/planner/install.log --single-version-externally-managed install_data
